This file contains any messages produced by compilers while
running configure, to aid debugging if configure makes a mistake.

It was created by configure, which was
generated by GNU Autoconf 2.69.  Invocation command line was

  $ ./configure --build=x86_64-linux-gnu --prefix=/usr --includedir=${prefix}/include --mandir=${prefix}/share/man --infodir=${prefix}/share/info --sysconfdir=/etc --localstatedir=/var --disable-silent-rules --libexecdir=${prefix}/lib/pcsc-cyberjack --disable-maintainer-mode --disable-dependency-tracking --sysconfdir=/etc/cyberjack

## --------- ##
## Platform. ##
## --------- ##

hostname = ubuntu-xenial
uname -m = x86_64
uname -r = 4.4.0-22-generic
uname -s = Linux
uname -v = #39-Ubuntu SMP Thu May 5 16:53:32 UTC 2016

/usr/bin/uname -p = unknown
/bin/uname -X     = unknown

/bin/arch              = unknown
/usr/bin/arch -k       = unknown
/usr/convex/getsysinfo = unknown
/usr/bin/hostinfo      = unknown
/bin/machine           = unknown
/usr/bin/oslevel       = unknown
/bin/universe          = unknown

PATH: /usr/local/sbin
PATH: /usr/local/bin
PATH: /usr/sbin
PATH: /usr/bin
PATH: /sbin
PATH: /bin
PATH: /snap/bin


## ----------- ##
## Core tests. ##
## ----------- ##

configure:2587: checking build system type
configure:2601: result: x86_64-pc-linux-gnu
configure:2621: checking host system type
configure:2634: result: x86_64-pc-linux-gnu
configure:2654: checking target system type
configure:2667: result: x86_64-pc-linux-gnu
configure:2742: checking how to print strings
configure:2769: result: printf
configure:2841: checking for gcc
configure:2857: found /usr/bin/gcc
configure:2868: result: gcc
configure:3097: checking for C compiler version
configure:3106: gcc --version >&5
gcc (Ubuntu 5.3.1-14ubuntu2) 5.3.1 20160413
Copyright (C) 2015 Free Software Foundation, Inc.
This is free software; see the source for copying conditions.  There is NO
warranty; not even for MERCHANTABILITY or FITNESS FOR A PARTICULAR PURPOSE.

configure:3117: $? = 0
configure:3106: gcc -v >&5
Using built-in specs.
COLLECT_GCC=gcc
COLLECT_LTO_WRAPPER=/usr/lib/gcc/x86_64-linux-gnu/5/lto-wrapper
Target: x86_64-linux-gnu
Configured with: ../src/configure -v --with-pkgversion='Ubuntu 5.3.1-14ubuntu2' --with-bugurl=file:///usr/share/doc/gcc-5/README.Bugs --enable-languages=c,ada,c++,java,go,d,fortran,objc,obj-c++ --prefix=/usr --program-suffix=-5 --enable-shared --enable-linker-build-id --libexecdir=/usr/lib --without-included-gettext --enable-threads=posix --libdir=/usr/lib --enable-nls --with-sysroot=/ --enable-clocale=gnu --enable-libstdcxx-debug --enable-libstdcxx-time=yes --with-default-libstdcxx-abi=new --enable-gnu-unique-object --disable-vtable-verify --enable-libmpx --enable-plugin --with-system-zlib --disable-browser-plugin --enable-java-awt=gtk --enable-gtk-cairo --with-java-home=/usr/lib/jvm/java-1.5.0-gcj-5-amd64/jre --enable-java-home --with-jvm-root-dir=/usr/lib/jvm/java-1.5.0-gcj-5-amd64 --with-jvm-jar-dir=/usr/lib/jvm-exports/java-1.5.0-gcj-5-amd64 --with-arch-directory=amd64 --with-ecj-jar=/usr/share/java/eclipse-ecj.jar --enable-objc-gc --enable-multiarch --disable-werror --with-arch-32=i686 --with-abi=m64 --with-multilib-list=m32,m64,mx32 --enable-multilib --with-tune=generic --enable-checking=release --build=x86_64-linux-gnu --host=x86_64-linux-gnu --target=x86_64-linux-gnu
Thread model: posix
gcc version 5.3.1 20160413 (Ubuntu 5.3.1-14ubuntu2) 
configure:3117: $? = 0
configure:3106: gcc -V >&5
gcc: error: unrecognized command line option '-V'
gcc: fatal error: no input files
compilation terminated.
configure:3117: $? = 1
configure:3106: gcc -qversion >&5
gcc: error: unrecognized command line option '-qversion'
gcc: fatal error: no input files
compilation terminated.
configure:3117: $? = 1
configure:3137: checking whether the C compiler works
configure:3159: gcc    conftest.c  >&5
configure:3163: $? = 0
configure:3211: result: yes
configure:3214: checking for C compiler default output file name
configure:3216: result: a.out
configure:3222: checking for suffix of executables
configure:3229: gcc -o conftest    conftest.c  >&5
configure:3233: $? = 0
configure:3255: result: 
configure:3277: checking whether we are cross compiling
configure:3285: gcc -o conftest    conftest.c  >&5
configure:3289: $? = 0
configure:3296: ./conftest
configure:3300: $? = 0
configure:3315: result: no
configure:3320: checking for suffix of object files
configure:3342: gcc -c   conftest.c >&5
configure:3346: $? = 0
configure:3367: result: o
configure:3371: checking whether we are using the GNU C compiler
configure:3390: gcc -c   conftest.c >&5
configure:3390: $? = 0
configure:3399: result: yes
configure:3408: checking whether gcc accepts -g
configure:3428: gcc -c -g  conftest.c >&5
configure:3428: $? = 0
configure:3469: result: yes
configure:3486: checking for gcc option to accept ISO C89
configure:3549: gcc  -c -g -O2  conftest.c >&5
configure:3549: $? = 0
configure:3562: result: none needed
configure:3587: checking whether gcc understands -c and -o together
configure:3609: gcc -c conftest.c -o conftest2.o
configure:3612: $? = 0
configure:3609: gcc -c conftest.c -o conftest2.o
configure:3612: $? = 0
configure:3624: result: yes
configure:3641: checking for a sed that does not truncate output
configure:3705: result: /bin/sed
configure:3723: checking for grep that handles long lines and -e
configure:3781: result: /bin/grep
configure:3786: checking for egrep
configure:3848: result: /bin/grep -E
configure:3853: checking for fgrep
configure:3915: result: /bin/grep -F
configure:3950: checking for ld used by gcc
configure:4017: result: /usr/bin/ld
configure:4024: checking if the linker (/usr/bin/ld) is GNU ld
configure:4039: result: yes
configure:4051: checking for BSD- or MS-compatible name lister (nm)
configure:4105: result: /usr/bin/nm -B
configure:4235: checking the name lister (/usr/bin/nm -B) interface
configure:4242: gcc -c -g -O2  conftest.c >&5
configure:4245: /usr/bin/nm -B "conftest.o"
configure:4248: output
0000000000000000 B some_variable
configure:4255: result: BSD nm
configure:4258: checking whether ln -s works
configure:4262: result: yes
configure:4270: checking the maximum length of command line arguments
configure:4401: result: 1572864
configure:4449: checking how to convert x86_64-pc-linux-gnu file names to x86_64-pc-linux-gnu format
configure:4489: result: func_convert_file_noop
configure:4496: checking how to convert x86_64-pc-linux-gnu file names to toolchain format
configure:4516: result: func_convert_file_noop
configure:4523: checking for /usr/bin/ld option to reload object files
configure:4530: result: -r
configure:4604: checking for objdump
configure:4620: found /usr/bin/objdump
configure:4631: result: objdump
configure:4663: checking how to recognize dependent libraries
configure:4863: result: pass_all
configure:4948: checking for dlltool
configure:4978: result: no
configure:5008: checking how to associate runtime and link libraries
configure:5035: result: printf %s\n
configure:5096: checking for ar
configure:5112: found /usr/bin/ar
configure:5123: result: ar
configure:5160: checking for archiver @FILE support
configure:5177: gcc -c -g -O2  conftest.c >&5
configure:5177: $? = 0
configure:5180: ar cru libconftest.a @conftest.lst >&5
ar: `u' modifier ignored since `D' is the default (see `U')
configure:5183: $? = 0
configure:5188: ar cru libconftest.a @conftest.lst >&5
ar: `u' modifier ignored since `D' is the default (see `U')
ar: conftest.o: No such file or directory
configure:5191: $? = 1
configure:5203: result: @
configure:5261: checking for strip
configure:5277: found /usr/bin/strip
configure:5288: result: strip
configure:5360: checking for ranlib
configure:5376: found /usr/bin/ranlib
configure:5387: result: ranlib
configure:5464: checking for gawk
configure:5480: found /usr/bin/gawk
configure:5491: result: gawk
configure:5531: checking command to parse /usr/bin/nm -B output from gcc object
configure:5684: gcc -c -g -O2  conftest.c >&5
configure:5687: $? = 0
configure:5691: /usr/bin/nm -B conftest.o \| sed -n -e 's/^.*[ ]\([ABCDGIRSTW][ABCDGIRSTW]*\)[ ][ ]*\([_A-Za-z][_A-Za-z0-9]*\)$/\1 \2 \2/p' | sed '/ __gnu_lto/d' \> conftest.nm
configure:5694: $? = 0
configure:5760: gcc -o conftest -g -O2   conftest.c conftstm.o >&5
configure:5763: $? = 0
configure:5801: result: ok
configure:5848: checking for sysroot
configure:5878: result: no
configure:5885: checking for a working dd
configure:5923: result: /bin/dd
configure:5927: checking how to truncate binary pipes
configure:5942: result: /bin/dd bs=4096 count=1
configure:6078: gcc -c -g -O2  conftest.c >&5
configure:6081: $? = 0
configure:6271: checking for mt
configure:6287: found /bin/mt
configure:6298: result: mt
configure:6321: checking if mt is a manifest tool
configure:6327: mt '-?'
configure:6335: result: no
configure:7012: checking how to run the C preprocessor
configure:7043: gcc -E  conftest.c
configure:7043: $? = 0
configure:7057: gcc -E  conftest.c
conftest.c:9:28: fatal error: ac_nonexistent.h: No such file or directory
compilation terminated.
configure:7057: $? = 1
configure: failed program was:
| /* confdefs.h */
| #define PACKAGE_NAME ""
| #define PACKAGE_TARNAME ""
| #define PACKAGE_VERSION ""
| #define PACKAGE_STRING ""
| #define PACKAGE_BUGREPORT ""
| #define PACKAGE_URL ""
| /* end confdefs.h.  */
| #include <ac_nonexistent.h>
configure:7082: result: gcc -E
configure:7102: gcc -E  conftest.c
configure:7102: $? = 0
configure:7116: gcc -E  conftest.c
conftest.c:9:28: fatal error: ac_nonexistent.h: No such file or directory
compilation terminated.
configure:7116: $? = 1
configure: failed program was:
| /* confdefs.h */
| #define PACKAGE_NAME ""
| #define PACKAGE_TARNAME ""
| #define PACKAGE_VERSION ""
| #define PACKAGE_STRING ""
| #define PACKAGE_BUGREPORT ""
| #define PACKAGE_URL ""
| /* end confdefs.h.  */
| #include <ac_nonexistent.h>
configure:7145: checking for ANSI C header files
configure:7165: gcc -c -g -O2  conftest.c >&5
configure:7165: $? = 0
configure:7238: gcc -o conftest -g -O2   conftest.c  >&5
configure:7238: $? = 0
configure:7238: ./conftest
configure:7238: $? = 0
configure:7249: result: yes
configure:7262: checking for sys/types.h
configure:7262: gcc -c -g -O2  conftest.c >&5
configure:7262: $? = 0
configure:7262: result: yes
configure:7262: checking for sys/stat.h
configure:7262: gcc -c -g -O2  conftest.c >&5
configure:7262: $? = 0
configure:7262: result: yes
configure:7262: checking for stdlib.h
configure:7262: gcc -c -g -O2  conftest.c >&5
configure:7262: $? = 0
configure:7262: result: yes
configure:7262: checking for string.h
configure:7262: gcc -c -g -O2  conftest.c >&5
configure:7262: $? = 0
configure:7262: result: yes
configure:7262: checking for memory.h
configure:7262: gcc -c -g -O2  conftest.c >&5
configure:7262: $? = 0
configure:7262: result: yes
configure:7262: checking for strings.h
configure:7262: gcc -c -g -O2  conftest.c >&5
configure:7262: $? = 0
configure:7262: result: yes
configure:7262: checking for inttypes.h
configure:7262: gcc -c -g -O2  conftest.c >&5
configure:7262: $? = 0
configure:7262: result: yes
configure:7262: checking for stdint.h
configure:7262: gcc -c -g -O2  conftest.c >&5
configure:7262: $? = 0
configure:7262: result: yes
configure:7262: checking for unistd.h
configure:7262: gcc -c -g -O2  conftest.c >&5
configure:7262: $? = 0
configure:7262: result: yes
configure:7276: checking for dlfcn.h
configure:7276: gcc -c -g -O2  conftest.c >&5
configure:7276: $? = 0
configure:7276: result: yes
configure:7532: checking for objdir
configure:7547: result: .libs
configure:7811: checking if gcc supports -fno-rtti -fno-exceptions
configure:7829: gcc -c -g -O2  -fno-rtti -fno-exceptions conftest.c >&5
cc1: warning: command line option '-fno-rtti' is valid for C++/ObjC++ but not for C
configure:7833: $? = 0
configure:7846: result: no
configure:8204: checking for gcc option to produce PIC
configure:8211: result: -fPIC -DPIC
configure:8219: checking if gcc PIC flag -fPIC -DPIC works
configure:8237: gcc -c -g -O2  -fPIC -DPIC -DPIC conftest.c >&5
configure:8241: $? = 0
configure:8254: result: yes
configure:8283: checking if gcc static flag -static works
configure:8311: result: yes
configure:8326: checking if gcc supports -c -o file.o
configure:8347: gcc -c -g -O2  -o out/conftest2.o conftest.c >&5
configure:8351: $? = 0
configure:8373: result: yes
configure:8381: checking if gcc supports -c -o file.o
configure:8428: result: yes
configure:8461: checking whether the gcc linker (/usr/bin/ld -m elf_x86_64) supports shared libraries
configure:9724: result: yes
configure:9761: checking whether -lc should be explicitly linked in
configure:9769: gcc -c -g -O2  conftest.c >&5
configure:9772: $? = 0
configure:9787: gcc -shared  -fPIC -DPIC conftest.o  -v -Wl,-soname -Wl,conftest -o conftest 2\>\&1 \| /bin/grep  -lc  \>/dev/null 2\>\&1
configure:9790: $? = 0
configure:9804: result: no
configure:9964: checking dynamic linker characteristics
configure:10545: gcc -o conftest -g -O2   -Wl,-rpath -Wl,/foo conftest.c  >&5
configure:10545: $? = 0
configure:10794: result: GNU/Linux ld.so
configure:10916: checking how to hardcode library paths into programs
configure:10941: result: immediate
configure:11489: checking whether stripping libraries is possible
configure:11494: result: yes
configure:11529: checking if libtool supports shared libraries
configure:11531: result: yes
configure:11534: checking whether to build shared libraries
configure:11559: result: yes
configure:11562: checking whether to build static libraries
configure:11566: result: yes
configure:11605: checking whether to enable maintainer-specific portions of Makefiles
configure:11614: result: no
configure:11737: checking for a BSD-compatible install
configure:11805: result: /usr/bin/install -c
configure:11816: checking whether build environment is sane
configure:11871: result: yes
configure:12019: checking for a thread-safe mkdir -p
configure:12058: result: /bin/mkdir -p
configure:12061: checking whether make sets $(MAKE)
configure:12083: result: yes
configure:12113: checking for style of include used by make
configure:12141: result: GNU
configure:12175: checking whether make supports nested variables
configure:12192: result: yes
configure:12278: checking dependency style of gcc
configure:12389: result: none
configure:12456: checking target system type
configure:12603: result: posix
configure:12734: checking for gcc
configure:12761: result: gcc
configure:12990: checking for C compiler version
configure:12999: gcc --version >&5
gcc (Ubuntu 5.3.1-14ubuntu2) 5.3.1 20160413
Copyright (C) 2015 Free Software Foundation, Inc.
This is free software; see the source for copying conditions.  There is NO
warranty; not even for MERCHANTABILITY or FITNESS FOR A PARTICULAR PURPOSE.

configure:13010: $? = 0
configure:12999: gcc -v >&5
Using built-in specs.
COLLECT_GCC=gcc
COLLECT_LTO_WRAPPER=/usr/lib/gcc/x86_64-linux-gnu/5/lto-wrapper
Target: x86_64-linux-gnu
Configured with: ../src/configure -v --with-pkgversion='Ubuntu 5.3.1-14ubuntu2' --with-bugurl=file:///usr/share/doc/gcc-5/README.Bugs --enable-languages=c,ada,c++,java,go,d,fortran,objc,obj-c++ --prefix=/usr --program-suffix=-5 --enable-shared --enable-linker-build-id --libexecdir=/usr/lib --without-included-gettext --enable-threads=posix --libdir=/usr/lib --enable-nls --with-sysroot=/ --enable-clocale=gnu --enable-libstdcxx-debug --enable-libstdcxx-time=yes --with-default-libstdcxx-abi=new --enable-gnu-unique-object --disable-vtable-verify --enable-libmpx --enable-plugin --with-system-zlib --disable-browser-plugin --enable-java-awt=gtk --enable-gtk-cairo --with-java-home=/usr/lib/jvm/java-1.5.0-gcj-5-amd64/jre --enable-java-home --with-jvm-root-dir=/usr/lib/jvm/java-1.5.0-gcj-5-amd64 --with-jvm-jar-dir=/usr/lib/jvm-exports/java-1.5.0-gcj-5-amd64 --with-arch-directory=amd64 --with-ecj-jar=/usr/share/java/eclipse-ecj.jar --enable-objc-gc --enable-multiarch --disable-werror --with-arch-32=i686 --with-abi=m64 --with-multilib-list=m32,m64,mx32 --enable-multilib --with-tune=generic --enable-checking=release --build=x86_64-linux-gnu --host=x86_64-linux-gnu --target=x86_64-linux-gnu
Thread model: posix
gcc version 5.3.1 20160413 (Ubuntu 5.3.1-14ubuntu2) 
configure:13010: $? = 0
configure:12999: gcc -V >&5
gcc: error: unrecognized command line option '-V'
gcc: fatal error: no input files
compilation terminated.
configure:13010: $? = 1
configure:12999: gcc -qversion >&5
gcc: error: unrecognized command line option '-qversion'
gcc: fatal error: no input files
compilation terminated.
configure:13010: $? = 1
configure:13014: checking whether we are using the GNU C compiler
configure:13042: result: yes
configure:13051: checking whether gcc accepts -g
configure:13112: result: yes
configure:13129: checking for gcc option to accept ISO C89
configure:13205: result: none needed
configure:13230: checking whether gcc understands -c and -o together
configure:13267: result: yes
configure:13342: checking for g++
configure:13358: found /usr/bin/g++
configure:13369: result: g++
configure:13396: checking for C++ compiler version
configure:13405: g++ --version >&5
g++ (Ubuntu 5.3.1-14ubuntu2) 5.3.1 20160413
Copyright (C) 2015 Free Software Foundation, Inc.
This is free software; see the source for copying conditions.  There is NO
warranty; not even for MERCHANTABILITY or FITNESS FOR A PARTICULAR PURPOSE.

configure:13416: $? = 0
configure:13405: g++ -v >&5
Using built-in specs.
COLLECT_GCC=g++
COLLECT_LTO_WRAPPER=/usr/lib/gcc/x86_64-linux-gnu/5/lto-wrapper
Target: x86_64-linux-gnu
Configured with: ../src/configure -v --with-pkgversion='Ubuntu 5.3.1-14ubuntu2' --with-bugurl=file:///usr/share/doc/gcc-5/README.Bugs --enable-languages=c,ada,c++,java,go,d,fortran,objc,obj-c++ --prefix=/usr --program-suffix=-5 --enable-shared --enable-linker-build-id --libexecdir=/usr/lib --without-included-gettext --enable-threads=posix --libdir=/usr/lib --enable-nls --with-sysroot=/ --enable-clocale=gnu --enable-libstdcxx-debug --enable-libstdcxx-time=yes --with-default-libstdcxx-abi=new --enable-gnu-unique-object --disable-vtable-verify --enable-libmpx --enable-plugin --with-system-zlib --disable-browser-plugin --enable-java-awt=gtk --enable-gtk-cairo --with-java-home=/usr/lib/jvm/java-1.5.0-gcj-5-amd64/jre --enable-java-home --with-jvm-root-dir=/usr/lib/jvm/java-1.5.0-gcj-5-amd64 --with-jvm-jar-dir=/usr/lib/jvm-exports/java-1.5.0-gcj-5-amd64 --with-arch-directory=amd64 --with-ecj-jar=/usr/share/java/eclipse-ecj.jar --enable-objc-gc --enable-multiarch --disable-werror --with-arch-32=i686 --with-abi=m64 --with-multilib-list=m32,m64,mx32 --enable-multilib --with-tune=generic --enable-checking=release --build=x86_64-linux-gnu --host=x86_64-linux-gnu --target=x86_64-linux-gnu
Thread model: posix
gcc version 5.3.1 20160413 (Ubuntu 5.3.1-14ubuntu2) 
configure:13416: $? = 0
configure:13405: g++ -V >&5
g++: error: unrecognized command line option '-V'
g++: fatal error: no input files
compilation terminated.
configure:13416: $? = 1
configure:13405: g++ -qversion >&5
g++: error: unrecognized command line option '-qversion'
g++: fatal error: no input files
compilation terminated.
configure:13416: $? = 1
configure:13420: checking whether we are using the GNU C++ compiler
configure:13439: g++ -c   conftest.cpp >&5
configure:13439: $? = 0
configure:13448: result: yes
configure:13457: checking whether g++ accepts -g
configure:13477: g++ -c -g  conftest.cpp >&5
configure:13477: $? = 0
configure:13518: result: yes
configure:13559: checking how to run the C++ preprocessor
configure:13586: g++ -E  conftest.cpp
configure:13586: $? = 0
configure:13600: g++ -E  conftest.cpp
conftest.cpp:35:28: fatal error: ac_nonexistent.h: No such file or directory
compilation terminated.
configure:13600: $? = 1
configure: failed program was:
| /* confdefs.h */
| #define PACKAGE_NAME ""
| #define PACKAGE_TARNAME ""
| #define PACKAGE_VERSION ""
| #define PACKAGE_STRING ""
| #define PACKAGE_BUGREPORT ""
| #define PACKAGE_URL ""
| #define STDC_HEADERS 1
| #define HAVE_SYS_TYPES_H 1
| #define HAVE_SYS_STAT_H 1
| #define HAVE_STDLIB_H 1
| #define HAVE_STRING_H 1
| #define HAVE_MEMORY_H 1
| #define HAVE_STRINGS_H 1
| #define HAVE_INTTYPES_H 1
| #define HAVE_STDINT_H 1
| #define HAVE_UNISTD_H 1
| #define HAVE_DLFCN_H 1
| #define LT_OBJDIR ".libs/"
| #define CYBERJACK_VERSION_MAJOR 3
| #define CYBERJACK_VERSION_MINOR 99
| #define CYBERJACK_VERSION_PATCHLEVEL 5
| #define CYBERJACK_VERSION_BUILD 0
| #define CYBERJACK_VERSION_STRING "3.99.5"
| #define CYBERJACK_VERSION_FULL_STRING "3.99.5-final.SP10-r0"
| #define CYBERJACK_VERSION_TAG "final.SP10"
| #define PACKAGE "ifd-cyberjack"
| #define VERSION "3.99.5final.SP10"
| #define OS_NAME "x86_64-pc-linux-gnu"
| #define OS_LINUX 1
| #define OS_POSIX 1
| #define OS_SHORTNAME "linux"
| #define OS_TYPE "posix"
| /* end confdefs.h.  */
| #include <ac_nonexistent.h>
configure:13625: result: g++ -E
configure:13645: g++ -E  conftest.cpp
configure:13645: $? = 0
configure:13659: g++ -E  conftest.cpp
conftest.cpp:35:28: fatal error: ac_nonexistent.h: No such file or directory
compilation terminated.
configure:13659: $? = 1
configure: failed program was:
| /* confdefs.h */
| #define PACKAGE_NAME ""
| #define PACKAGE_TARNAME ""
| #define PACKAGE_VERSION ""
| #define PACKAGE_STRING ""
| #define PACKAGE_BUGREPORT ""
| #define PACKAGE_URL ""
| #define STDC_HEADERS 1
| #define HAVE_SYS_TYPES_H 1
| #define HAVE_SYS_STAT_H 1
| #define HAVE_STDLIB_H 1
| #define HAVE_STRING_H 1
| #define HAVE_MEMORY_H 1
| #define HAVE_STRINGS_H 1
| #define HAVE_INTTYPES_H 1
| #define HAVE_STDINT_H 1
| #define HAVE_UNISTD_H 1
| #define HAVE_DLFCN_H 1
| #define LT_OBJDIR ".libs/"
| #define CYBERJACK_VERSION_MAJOR 3
| #define CYBERJACK_VERSION_MINOR 99
| #define CYBERJACK_VERSION_PATCHLEVEL 5
| #define CYBERJACK_VERSION_BUILD 0
| #define CYBERJACK_VERSION_STRING "3.99.5"
| #define CYBERJACK_VERSION_FULL_STRING "3.99.5-final.SP10-r0"
| #define CYBERJACK_VERSION_TAG "final.SP10"
| #define PACKAGE "ifd-cyberjack"
| #define VERSION "3.99.5final.SP10"
| #define OS_NAME "x86_64-pc-linux-gnu"
| #define OS_LINUX 1
| #define OS_POSIX 1
| #define OS_SHORTNAME "linux"
| #define OS_TYPE "posix"
| /* end confdefs.h.  */
| #include <ac_nonexistent.h>
configure:13821: checking for ld used by g++
configure:13888: result: /usr/bin/ld -m elf_x86_64
configure:13895: checking if the linker (/usr/bin/ld -m elf_x86_64) is GNU ld
configure:13910: result: yes
configure:13965: checking whether the g++ linker (/usr/bin/ld -m elf_x86_64) supports shared libraries
configure:15038: result: yes
configure:15074: g++ -c -g -O2  conftest.cpp >&5
configure:15077: $? = 0
configure:15558: checking for g++ option to produce PIC
configure:15565: result: -fPIC -DPIC
configure:15573: checking if g++ PIC flag -fPIC -DPIC works
configure:15591: g++ -c -g -O2  -fPIC -DPIC -DPIC conftest.cpp >&5
configure:15595: $? = 0
configure:15608: result: yes
configure:15631: checking if g++ static flag -static works
configure:15659: result: yes
configure:15671: checking if g++ supports -c -o file.o
configure:15692: g++ -c -g -O2  -o out/conftest2.o conftest.cpp >&5
configure:15696: $? = 0
configure:15718: result: yes
configure:15723: checking if g++ supports -c -o file.o
configure:15770: result: yes
configure:15800: checking whether the g++ linker (/usr/bin/ld -m elf_x86_64) supports shared libraries
configure:15843: result: yes
configure:15984: checking dynamic linker characteristics
configure:16741: result: GNU/Linux ld.so
configure:16806: checking how to hardcode library paths into programs
configure:16831: result: immediate
configure:16873: checking dependency style of g++
configure:16984: result: none
configure:17053: checking for gcc
configure:17069: found /usr/bin/gcc
configure:17080: result: gcc
configure:17105: checking for Objective C compiler version
configure:17114: gcc --version >&5
gcc (Ubuntu 5.3.1-14ubuntu2) 5.3.1 20160413
Copyright (C) 2015 Free Software Foundation, Inc.
This is free software; see the source for copying conditions.  There is NO
warranty; not even for MERCHANTABILITY or FITNESS FOR A PARTICULAR PURPOSE.

configure:17125: $? = 0
configure:17114: gcc -v >&5
Using built-in specs.
COLLECT_GCC=gcc
COLLECT_LTO_WRAPPER=/usr/lib/gcc/x86_64-linux-gnu/5/lto-wrapper
Target: x86_64-linux-gnu
Configured with: ../src/configure -v --with-pkgversion='Ubuntu 5.3.1-14ubuntu2' --with-bugurl=file:///usr/share/doc/gcc-5/README.Bugs --enable-languages=c,ada,c++,java,go,d,fortran,objc,obj-c++ --prefix=/usr --program-suffix=-5 --enable-shared --enable-linker-build-id --libexecdir=/usr/lib --without-included-gettext --enable-threads=posix --libdir=/usr/lib --enable-nls --with-sysroot=/ --enable-clocale=gnu --enable-libstdcxx-debug --enable-libstdcxx-time=yes --with-default-libstdcxx-abi=new --enable-gnu-unique-object --disable-vtable-verify --enable-libmpx --enable-plugin --with-system-zlib --disable-browser-plugin --enable-java-awt=gtk --enable-gtk-cairo --with-java-home=/usr/lib/jvm/java-1.5.0-gcj-5-amd64/jre --enable-java-home --with-jvm-root-dir=/usr/lib/jvm/java-1.5.0-gcj-5-amd64 --with-jvm-jar-dir=/usr/lib/jvm-exports/java-1.5.0-gcj-5-amd64 --with-arch-directory=amd64 --with-ecj-jar=/usr/share/java/eclipse-ecj.jar --enable-objc-gc --enable-multiarch --disable-werror --with-arch-32=i686 --with-abi=m64 --with-multilib-list=m32,m64,mx32 --enable-multilib --with-tune=generic --enable-checking=release --build=x86_64-linux-gnu --host=x86_64-linux-gnu --target=x86_64-linux-gnu
Thread model: posix
gcc version 5.3.1 20160413 (Ubuntu 5.3.1-14ubuntu2) 
configure:17125: $? = 0
configure:17114: gcc -V >&5
gcc: error: unrecognized command line option '-V'
gcc: fatal error: no input files
compilation terminated.
configure:17125: $? = 1
configure:17114: gcc -qversion >&5
gcc: error: unrecognized command line option '-qversion'
gcc: fatal error: no input files
compilation terminated.
configure:17125: $? = 1
configure:17129: checking whether we are using the GNU Objective C compiler
configure:17148: gcc -c   conftest.m >&5
gcc: error trying to exec 'cc1obj': execvp: No such file or directory
configure:17148: $? = 1
configure: failed program was:
| /* confdefs.h */
| #define PACKAGE_NAME ""
| #define PACKAGE_TARNAME ""
| #define PACKAGE_VERSION ""
| #define PACKAGE_STRING ""
| #define PACKAGE_BUGREPORT ""
| #define PACKAGE_URL ""
| #define STDC_HEADERS 1
| #define HAVE_SYS_TYPES_H 1
| #define HAVE_SYS_STAT_H 1
| #define HAVE_STDLIB_H 1
| #define HAVE_STRING_H 1
| #define HAVE_MEMORY_H 1
| #define HAVE_STRINGS_H 1
| #define HAVE_INTTYPES_H 1
| #define HAVE_STDINT_H 1
| #define HAVE_UNISTD_H 1
| #define HAVE_DLFCN_H 1
| #define LT_OBJDIR ".libs/"
| #define CYBERJACK_VERSION_MAJOR 3
| #define CYBERJACK_VERSION_MINOR 99
| #define CYBERJACK_VERSION_PATCHLEVEL 5
| #define CYBERJACK_VERSION_BUILD 0
| #define CYBERJACK_VERSION_STRING "3.99.5"
| #define CYBERJACK_VERSION_FULL_STRING "3.99.5-final.SP10-r0"
| #define CYBERJACK_VERSION_TAG "final.SP10"
| #define PACKAGE "ifd-cyberjack"
| #define VERSION "3.99.5final.SP10"
| #define OS_NAME "x86_64-pc-linux-gnu"
| #define OS_LINUX 1
| #define OS_POSIX 1
| #define OS_SHORTNAME "linux"
| #define OS_TYPE "posix"
| /* end confdefs.h.  */
| 
| int
| main ()
| {
| #ifndef __GNUC__
|        choke me
| #endif
| 
|   ;
|   return 0;
| }
configure:17157: result: no
configure:17166: checking whether gcc accepts -g
configure:17186: gcc -c -g  conftest.m >&5
gcc: error trying to exec 'cc1obj': execvp: No such file or directory
configure:17186: $? = 1
configure: failed program was:
| /* confdefs.h */
| #define PACKAGE_NAME ""
| #define PACKAGE_TARNAME ""
| #define PACKAGE_VERSION ""
| #define PACKAGE_STRING ""
| #define PACKAGE_BUGREPORT ""
| #define PACKAGE_URL ""
| #define STDC_HEADERS 1
| #define HAVE_SYS_TYPES_H 1
| #define HAVE_SYS_STAT_H 1
| #define HAVE_STDLIB_H 1
| #define HAVE_STRING_H 1
| #define HAVE_MEMORY_H 1
| #define HAVE_STRINGS_H 1
| #define HAVE_INTTYPES_H 1
| #define HAVE_STDINT_H 1
| #define HAVE_UNISTD_H 1
| #define HAVE_DLFCN_H 1
| #define LT_OBJDIR ".libs/"
| #define CYBERJACK_VERSION_MAJOR 3
| #define CYBERJACK_VERSION_MINOR 99
| #define CYBERJACK_VERSION_PATCHLEVEL 5
| #define CYBERJACK_VERSION_BUILD 0
| #define CYBERJACK_VERSION_STRING "3.99.5"
| #define CYBERJACK_VERSION_FULL_STRING "3.99.5-final.SP10-r0"
| #define CYBERJACK_VERSION_TAG "final.SP10"
| #define PACKAGE "ifd-cyberjack"
| #define VERSION "3.99.5final.SP10"
| #define OS_NAME "x86_64-pc-linux-gnu"
| #define OS_LINUX 1
| #define OS_POSIX 1
| #define OS_SHORTNAME "linux"
| #define OS_TYPE "posix"
| /* end confdefs.h.  */
| 
| int
| main ()
| {
| 
|   ;
|   return 0;
| }
configure:17201: gcc -c   conftest.m >&5
gcc: error trying to exec 'cc1obj': execvp: No such file or directory
configure:17201: $? = 1
configure: failed program was:
| /* confdefs.h */
| #define PACKAGE_NAME ""
| #define PACKAGE_TARNAME ""
| #define PACKAGE_VERSION ""
| #define PACKAGE_STRING ""
| #define PACKAGE_BUGREPORT ""
| #define PACKAGE_URL ""
| #define STDC_HEADERS 1
| #define HAVE_SYS_TYPES_H 1
| #define HAVE_SYS_STAT_H 1
| #define HAVE_STDLIB_H 1
| #define HAVE_STRING_H 1
| #define HAVE_MEMORY_H 1
| #define HAVE_STRINGS_H 1
| #define HAVE_INTTYPES_H 1
| #define HAVE_STDINT_H 1
| #define HAVE_UNISTD_H 1
| #define HAVE_DLFCN_H 1
| #define LT_OBJDIR ".libs/"
| #define CYBERJACK_VERSION_MAJOR 3
| #define CYBERJACK_VERSION_MINOR 99
| #define CYBERJACK_VERSION_PATCHLEVEL 5
| #define CYBERJACK_VERSION_BUILD 0
| #define CYBERJACK_VERSION_STRING "3.99.5"
| #define CYBERJACK_VERSION_FULL_STRING "3.99.5-final.SP10-r0"
| #define CYBERJACK_VERSION_TAG "final.SP10"
| #define PACKAGE "ifd-cyberjack"
| #define VERSION "3.99.5final.SP10"
| #define OS_NAME "x86_64-pc-linux-gnu"
| #define OS_LINUX 1
| #define OS_POSIX 1
| #define OS_SHORTNAME "linux"
| #define OS_TYPE "posix"
| /* end confdefs.h.  */
| 
| int
| main ()
| {
| 
|   ;
|   return 0;
| }
configure:17217: gcc -c -g  conftest.m >&5
gcc: error trying to exec 'cc1obj': execvp: No such file or directory
configure:17217: $? = 1
configure: failed program was:
| /* confdefs.h */
| #define PACKAGE_NAME ""
| #define PACKAGE_TARNAME ""
| #define PACKAGE_VERSION ""
| #define PACKAGE_STRING ""
| #define PACKAGE_BUGREPORT ""
| #define PACKAGE_URL ""
| #define STDC_HEADERS 1
| #define HAVE_SYS_TYPES_H 1
| #define HAVE_SYS_STAT_H 1
| #define HAVE_STDLIB_H 1
| #define HAVE_STRING_H 1
| #define HAVE_MEMORY_H 1
| #define HAVE_STRINGS_H 1
| #define HAVE_INTTYPES_H 1
| #define HAVE_STDINT_H 1
| #define HAVE_UNISTD_H 1
| #define HAVE_DLFCN_H 1
| #define LT_OBJDIR ".libs/"
| #define CYBERJACK_VERSION_MAJOR 3
| #define CYBERJACK_VERSION_MINOR 99
| #define CYBERJACK_VERSION_PATCHLEVEL 5
| #define CYBERJACK_VERSION_BUILD 0
| #define CYBERJACK_VERSION_STRING "3.99.5"
| #define CYBERJACK_VERSION_FULL_STRING "3.99.5-final.SP10-r0"
| #define CYBERJACK_VERSION_TAG "final.SP10"
| #define PACKAGE "ifd-cyberjack"
| #define VERSION "3.99.5final.SP10"
| #define OS_NAME "x86_64-pc-linux-gnu"
| #define OS_LINUX 1
| #define OS_POSIX 1
| #define OS_SHORTNAME "linux"
| #define OS_TYPE "posix"
| /* end confdefs.h.  */
| 
| int
| main ()
| {
| 
|   ;
|   return 0;
| }
configure:17227: result: no
configure:17252: checking dependency style of gcc
configure:17361: result: none
configure:17718: checking for windres
configure:17748: result: no
configure:17850: checking for gawk
configure:17877: result: gawk
configure:17890: checking for sed
configure:17917: result: /bin/sed
configure:17981: checking for pkg-config
configure:17999: found /usr/bin/pkg-config
configure:18011: result: /usr/bin/pkg-config
configure:18036: checking pkg-config is at least version 0.9.0
configure:18039: result: yes
configure:18054: checking for library containing dlopen
configure:18085: gcc -o conftest -g -O2   conftest.c  >&5
/tmp/cc3oIeLY.o: In function `main':
/tmp/debianbuild/SOURCES/pcsc-cyberjack-3.99.5final.SP10/conftest.c:46: undefined reference to `dlopen'
collect2: error: ld returned 1 exit status
configure:18085: $? = 1
configure: failed program was:
| /* confdefs.h */
| #define PACKAGE_NAME ""
| #define PACKAGE_TARNAME ""
| #define PACKAGE_VERSION ""
| #define PACKAGE_STRING ""
| #define PACKAGE_BUGREPORT ""
| #define PACKAGE_URL ""
| #define STDC_HEADERS 1
| #define HAVE_SYS_TYPES_H 1
| #define HAVE_SYS_STAT_H 1
| #define HAVE_STDLIB_H 1
| #define HAVE_STRING_H 1
| #define HAVE_MEMORY_H 1
| #define HAVE_STRINGS_H 1
| #define HAVE_INTTYPES_H 1
| #define HAVE_STDINT_H 1
| #define HAVE_UNISTD_H 1
| #define HAVE_DLFCN_H 1
| #define LT_OBJDIR ".libs/"
| #define CYBERJACK_VERSION_MAJOR 3
| #define CYBERJACK_VERSION_MINOR 99
| #define CYBERJACK_VERSION_PATCHLEVEL 5
| #define CYBERJACK_VERSION_BUILD 0
| #define CYBERJACK_VERSION_STRING "3.99.5"
| #define CYBERJACK_VERSION_FULL_STRING "3.99.5-final.SP10-r0"
| #define CYBERJACK_VERSION_TAG "final.SP10"
| #define PACKAGE "ifd-cyberjack"
| #define VERSION "3.99.5final.SP10"
| #define OS_NAME "x86_64-pc-linux-gnu"
| #define OS_LINUX 1
| #define OS_POSIX 1
| #define OS_SHORTNAME "linux"
| #define OS_TYPE "posix"
| /* end confdefs.h.  */
| 
| /* Override any GCC internal prototype to avoid an error.
|    Use char because int might match the return type of a GCC
|    builtin and then its argument prototype would still apply.  */
| #ifdef __cplusplus
| extern "C"
| #endif
| char dlopen ();
| int
| main ()
| {
| return dlopen ();
|   ;
|   return 0;
| }
configure:18085: gcc -o conftest -g -O2   conftest.c -lc   >&5
/tmp/ccg1Bz73.o: In function `main':
/tmp/debianbuild/SOURCES/pcsc-cyberjack-3.99.5final.SP10/conftest.c:46: undefined reference to `dlopen'
collect2: error: ld returned 1 exit status
configure:18085: $? = 1
configure: failed program was:
| /* confdefs.h */
| #define PACKAGE_NAME ""
| #define PACKAGE_TARNAME ""
| #define PACKAGE_VERSION ""
| #define PACKAGE_STRING ""
| #define PACKAGE_BUGREPORT ""
| #define PACKAGE_URL ""
| #define STDC_HEADERS 1
| #define HAVE_SYS_TYPES_H 1
| #define HAVE_SYS_STAT_H 1
| #define HAVE_STDLIB_H 1
| #define HAVE_STRING_H 1
| #define HAVE_MEMORY_H 1
| #define HAVE_STRINGS_H 1
| #define HAVE_INTTYPES_H 1
| #define HAVE_STDINT_H 1
| #define HAVE_UNISTD_H 1
| #define HAVE_DLFCN_H 1
| #define LT_OBJDIR ".libs/"
| #define CYBERJACK_VERSION_MAJOR 3
| #define CYBERJACK_VERSION_MINOR 99
| #define CYBERJACK_VERSION_PATCHLEVEL 5
| #define CYBERJACK_VERSION_BUILD 0
| #define CYBERJACK_VERSION_STRING "3.99.5"
| #define CYBERJACK_VERSION_FULL_STRING "3.99.5-final.SP10-r0"
| #define CYBERJACK_VERSION_TAG "final.SP10"
| #define PACKAGE "ifd-cyberjack"
| #define VERSION "3.99.5final.SP10"
| #define OS_NAME "x86_64-pc-linux-gnu"
| #define OS_LINUX 1
| #define OS_POSIX 1
| #define OS_SHORTNAME "linux"
| #define OS_TYPE "posix"
| /* end confdefs.h.  */
| 
| /* Override any GCC internal prototype to avoid an error.
|    Use char because int might match the return type of a GCC
|    builtin and then its argument prototype would still apply.  */
| #ifdef __cplusplus
| extern "C"
| #endif
| char dlopen ();
| int
| main ()
| {
| return dlopen ();
|   ;
|   return 0;
| }
configure:18085: gcc -o conftest -g -O2   conftest.c -ldl   >&5
configure:18085: $? = 0
configure:18102: result: -ldl
configure:18139: checking for ANSI C header files
configure:18243: result: yes
configure:18254: checking pthread.h usability
configure:18254: gcc -c -g -O2  conftest.c >&5
configure:18254: $? = 0
configure:18254: result: yes
configure:18254: checking pthread.h presence
configure:18254: gcc -E  conftest.c
configure:18254: $? = 0
configure:18254: result: yes
configure:18254: checking for pthread.h
configure:18254: result: yes
configure:18270: checking for an ANSI C-conforming const
configure:18336: gcc -c -g -O2  conftest.c >&5
configure:18336: $? = 0
configure:18343: result: yes
configure:18419: checking whether non-serial access is wanted
configure:18448: checking whether non-serial access is wanted
configure:18476: result: yes
configure:18492: checking for libusb
configure:18499: $PKG_CONFIG --exists --print-errors "$pkg_modules"
configure:18502: $? = 0
configure:18516: $PKG_CONFIG --exists --print-errors "$pkg_modules"
configure:18519: $? = 0
configure:18557: result: yes
configure:18665: checking if HAL support desired
configure:18674: result: no
configure:18789: checking if PC/SC should be used
configure:18798: result: yes
configure:18803: checking for pcsc includes
configure:18837: result: -I/usr/include -I/usr/include/PCSC
configure:18841: checking for pcsc libs
configure:18892: WARNING: No pcsc libraries found using GNU m4, try pkg-config instead
configure:18920: $PKG_CONFIG --exists --print-errors "libpcsclite"
configure:18923: $? = 0
configure:18927: checking for PCSC
configure:18934: $PKG_CONFIG --exists --print-errors "libpcsclite >= $PCSC_NEEDED_VERSION"
configure:18937: $? = 0
configure:18951: $PKG_CONFIG --exists --print-errors "libpcsclite >= $PCSC_NEEDED_VERSION"
configure:18954: $? = 0
configure:18998: result: yes
configure:19091: checking if XML2 is allowed
configure:19100: result: yes
configure:19110: checking for xml2 includes
configure:19138: result: -I/usr/include/libxml2
configure:19153: checking for xml2 libraries
configure:19172: result: -lxml2
configure:19225: checking whether this is an official release
configure:19246: result: no
configure:19255: checking whether the threaded approach is wanted
configure:19282: result: no
configure:19307: checking if symbol visibility is supported
configure:19316: result: yes
configure:19320: checking if symbol visibility is supported
configure:19368: result: no (needs gcc >=4.0, you have gcc-5.3.1)
configure:19377: checking whether this is an RPM distribution
configure:19495: result: no (no RPM installed)
configure:19766: checking that generated files are newer than configure
configure:19772: result: done
configure:19827: creating ./config.status

## ---------------------- ##
## Running config.status. ##
## ---------------------- ##

This file was extended by config.status, which was
generated by GNU Autoconf 2.69.  Invocation command line was

  CONFIG_FILES    = 
  CONFIG_HEADERS  = 
  CONFIG_LINKS    = 
  CONFIG_COMMANDS = 
  $ ./config.status 

on ubuntu-xenial

config.status:1329: creating Makefile
config.status:1329: creating cjeca32/Makefile
config.status:1329: creating cjeca32/ausb/Makefile
config.status:1329: creating ifd/Makefile
config.status:1329: creating ifd/Info.plist
config.status:1329: creating libcyberjack/Makefile
config.status:1329: creating libcyberjack/libdialog/Makefile
config.status:1329: creating libcyberjack/libdialog/base/Makefile
config.status:1329: creating libcyberjack/checksuite/Makefile
config.status:1329: creating tools/Makefile
config.status:1329: creating tools/cjflash/Makefile
config.status:1329: creating tools/cjgeldkarte/Makefile
config.status:1329: creating tools/cjBingo/Makefile
config.status:1329: creating include/Makefile
config.status:1329: creating include/macosx/Makefile
config.status:1329: creating include/macosx/PCSC/Makefile
config.status:1329: creating m4/Makefile
config.status:1329: creating etc/Makefile
config.status:1329: creating ifd-cyberjack.spec
config.status:1329: creating doc/Makefile
config.status:1329: creating config.h
config.status:1558: executing libtool commands
config.status:1558: executing depfiles commands

## ---------------- ##
## Cache variables. ##
## ---------------- ##

ac_cv_build=x86_64-pc-linux-gnu
ac_cv_c_compiler_gnu=yes
ac_cv_c_const=yes
ac_cv_cxx_compiler_gnu=yes
ac_cv_env_CCC_set=
ac_cv_env_CCC_value=
ac_cv_env_CC_set=
ac_cv_env_CC_value=
ac_cv_env_CFLAGS_set=
ac_cv_env_CFLAGS_value=
ac_cv_env_CPPFLAGS_set=
ac_cv_env_CPPFLAGS_value=
ac_cv_env_CPP_set=
ac_cv_env_CPP_value=
ac_cv_env_CXXCPP_set=
ac_cv_env_CXXCPP_value=
ac_cv_env_CXXFLAGS_set=
ac_cv_env_CXXFLAGS_value=
ac_cv_env_CXX_set=
ac_cv_env_CXX_value=
ac_cv_env_LDFLAGS_set=
ac_cv_env_LDFLAGS_value=
ac_cv_env_LIBS_set=
ac_cv_env_LIBS_value=
ac_cv_env_LT_SYS_LIBRARY_PATH_set=
ac_cv_env_LT_SYS_LIBRARY_PATH_value=
ac_cv_env_OBJCFLAGS_set=
ac_cv_env_OBJCFLAGS_value=
ac_cv_env_OBJC_set=
ac_cv_env_OBJC_value=
ac_cv_env_PCSC_CFLAGS_set=
ac_cv_env_PCSC_CFLAGS_value=
ac_cv_env_PCSC_LIBS_set=
ac_cv_env_PCSC_LIBS_value=
ac_cv_env_PKG_CONFIG_LIBDIR_set=
ac_cv_env_PKG_CONFIG_LIBDIR_value=
ac_cv_env_PKG_CONFIG_PATH_set=
ac_cv_env_PKG_CONFIG_PATH_value=
ac_cv_env_PKG_CONFIG_set=
ac_cv_env_PKG_CONFIG_value=
ac_cv_env_build_alias_set=set
ac_cv_env_build_alias_value=x86_64-linux-gnu
ac_cv_env_hal_CFLAGS_set=
ac_cv_env_hal_CFLAGS_value=
ac_cv_env_hal_LIBS_set=
ac_cv_env_hal_LIBS_value=
ac_cv_env_host_alias_set=
ac_cv_env_host_alias_value=
ac_cv_env_libusb_CFLAGS_set=
ac_cv_env_libusb_CFLAGS_value=
ac_cv_env_libusb_LIBS_set=
ac_cv_env_libusb_LIBS_value=
ac_cv_env_target_alias_set=
ac_cv_env_target_alias_value=
ac_cv_header_dlfcn_h=yes
ac_cv_header_inttypes_h=yes
ac_cv_header_memory_h=yes
ac_cv_header_pthread_h=yes
ac_cv_header_stdc=yes
ac_cv_header_stdint_h=yes
ac_cv_header_stdlib_h=yes
ac_cv_header_string_h=yes
ac_cv_header_strings_h=yes
ac_cv_header_sys_stat_h=yes
ac_cv_header_sys_types_h=yes
ac_cv_header_unistd_h=yes
ac_cv_host=x86_64-pc-linux-gnu
ac_cv_objc_compiler_gnu=no
ac_cv_objext=o
ac_cv_path_EGREP='/bin/grep -E'
ac_cv_path_FGREP='/bin/grep -F'
ac_cv_path_GREP=/bin/grep
ac_cv_path_SED=/bin/sed
ac_cv_path_ac_pt_PKG_CONFIG=/usr/bin/pkg-config
ac_cv_path_install='/usr/bin/install -c'
ac_cv_path_lt_DD=/bin/dd
ac_cv_path_mkdir=/bin/mkdir
ac_cv_prog_AWK=gawk
ac_cv_prog_CPP='gcc -E'
ac_cv_prog_CXXCPP='g++ -E'
ac_cv_prog_SED=/bin/sed
ac_cv_prog_ac_ct_AR=ar
ac_cv_prog_ac_ct_CC=gcc
ac_cv_prog_ac_ct_CXX=g++
ac_cv_prog_ac_ct_MANIFEST_TOOL=mt
ac_cv_prog_ac_ct_OBJC=gcc
ac_cv_prog_ac_ct_OBJDUMP=objdump
ac_cv_prog_ac_ct_RANLIB=ranlib
ac_cv_prog_ac_ct_STRIP=strip
ac_cv_prog_cc_c89=
ac_cv_prog_cc_g=yes
ac_cv_prog_cxx_g=yes
ac_cv_prog_make_make_set=yes
ac_cv_prog_objc_g=no
ac_cv_search_dlopen=-ldl
ac_cv_target=x86_64-pc-linux-gnu
am_cv_CC_dependencies_compiler_type=none
am_cv_CXX_dependencies_compiler_type=none
am_cv_OBJC_dependencies_compiler_type=none
am_cv_make_support_nested_variables=yes
am_cv_prog_cc_c_o=yes
lt_cv_ar_at_file=@
lt_cv_archive_cmds_need_lc=no
lt_cv_deplibs_check_method=pass_all
lt_cv_file_magic_cmd='$MAGIC_CMD'
lt_cv_file_magic_test_file=
lt_cv_ld_reload_flag=-r
lt_cv_nm_interface='BSD nm'
lt_cv_objdir=.libs
lt_cv_path_LD=/usr/bin/ld
lt_cv_path_LDCXX='/usr/bin/ld -m elf_x86_64'
lt_cv_path_NM='/usr/bin/nm -B'
lt_cv_path_mainfest_tool=no
lt_cv_prog_compiler_c_o=yes
lt_cv_prog_compiler_c_o_CXX=yes
lt_cv_prog_compiler_c_o_RC=yes
lt_cv_prog_compiler_pic='-fPIC -DPIC'
lt_cv_prog_compiler_pic_CXX='-fPIC -DPIC'
lt_cv_prog_compiler_pic_works=yes
lt_cv_prog_compiler_pic_works_CXX=yes
lt_cv_prog_compiler_rtti_exceptions=no
lt_cv_prog_compiler_static_works=yes
lt_cv_prog_compiler_static_works_CXX=yes
lt_cv_prog_gnu_ld=yes
lt_cv_prog_gnu_ldcxx=yes
lt_cv_sharedlib_from_linklib_cmd='printf %s\n'
lt_cv_shlibpath_overrides_runpath=no
lt_cv_sys_global_symbol_pipe='sed -n -e '\''s/^.*[	 ]\([ABCDGIRSTW][ABCDGIRSTW]*\)[	 ][	 ]*\([_A-Za-z][_A-Za-z0-9]*\)$/\1 \2 \2/p'\'' | sed '\''/ __gnu_lto/d'\'''
lt_cv_sys_global_symbol_to_c_name_address='sed -n -e '\''s/^: \(.*\) .*$/  {"\1", (void *) 0},/p'\'' -e '\''s/^[ABCDGIRSTW][ABCDGIRSTW]* .* \(.*\)$/  {"\1", (void *) \&\1},/p'\'''
lt_cv_sys_global_symbol_to_c_name_address_lib_prefix='sed -n -e '\''s/^: \(.*\) .*$/  {"\1", (void *) 0},/p'\'' -e '\''s/^[ABCDGIRSTW][ABCDGIRSTW]* .* \(lib.*\)$/  {"\1", (void *) \&\1},/p'\'' -e '\''s/^[ABCDGIRSTW][ABCDGIRSTW]* .* \(.*\)$/  {"lib\1", (void *) \&\1},/p'\'''
lt_cv_sys_global_symbol_to_cdecl='sed -n -e '\''s/^T .* \(.*\)$/extern int \1();/p'\'' -e '\''s/^[ABCDGIRSTW][ABCDGIRSTW]* .* \(.*\)$/extern char \1;/p'\'''
lt_cv_sys_global_symbol_to_import=
lt_cv_sys_max_cmd_len=1572864
lt_cv_to_host_file_cmd=func_convert_file_noop
lt_cv_to_tool_file_cmd=func_convert_file_noop
lt_cv_truncate_bin='/bin/dd bs=4096 count=1'
pkg_cv_PCSC_CFLAGS='-pthread -I/usr/include/PCSC'
pkg_cv_PCSC_LIBS=-lpcsclite
pkg_cv_libusb_CFLAGS=-I/usr/include/libusb-1.0
pkg_cv_libusb_LIBS=-lusb-1.0

## ----------------- ##
## Output variables. ##
## ----------------- ##

ACLOCAL='${SHELL} /tmp/debianbuild/SOURCES/pcsc-cyberjack-3.99.5final.SP10/missing aclocal-1.15'
AMDEPBACKSLASH=''
AMDEP_FALSE=''
AMDEP_TRUE='#'
AMTAR='$${TAR-tar}'
AM_BACKSLASH='\'
AM_DEFAULT_V='$(AM_DEFAULT_VERBOSITY)'
AM_DEFAULT_VERBOSITY='1'
AM_V='$(V)'
AR='ar'
AS='as'
AUTOCONF='${SHELL} /tmp/debianbuild/SOURCES/pcsc-cyberjack-3.99.5final.SP10/missing autoconf'
AUTOHEADER='${SHELL} /tmp/debianbuild/SOURCES/pcsc-cyberjack-3.99.5final.SP10/missing autoheader'
AUTOMAKE='${SHELL} /tmp/debianbuild/SOURCES/pcsc-cyberjack-3.99.5final.SP10/missing automake-1.15'
AWK='gawk'
CC='gcc'
CCDEPMODE='depmode=none'
CFLAGS='-g -O2 -Wall'
COCOA_FRAMEWORK=''
CONFIGURE_HAL='no'
CPP='gcc -E'
CPPFLAGS=''
CXX='g++'
CXXCPP='g++ -E'
CXXDEPMODE='depmode=none'
CXXFLAGS='-g -O2 -Wall'
CYBERJACK_SO_AGE='0'
CYBERJACK_SO_CURRENT='6'
CYBERJACK_SO_EFFECTIVE='6'
CYBERJACK_SO_REVISION='0'
CYBERJACK_VERSION_BUILD='0'
CYBERJACK_VERSION_FULL_STRING='3.99.5-final.SP10-r0'
CYBERJACK_VERSION_MAJOR='3'
CYBERJACK_VERSION_MINOR='99'
CYBERJACK_VERSION_PATCHLEVEL='5'
CYBERJACK_VERSION_RELEASE_STRING='3.99.5final.SP10'
CYBERJACK_VERSION_STRING='3.99.5'
CYBERJACK_VERSION_TAG='final.SP10'
CYGPATH_W='echo'
DEFS='-DHAVE_CONFIG_H'
DEPDIR='.deps'
DLLTOOL='false'
DSYMUTIL=''
DUMPBIN=''
ECHO_C=''
ECHO_N='-n'
ECHO_T=''
EGREP='/bin/grep -E'
ENABLE_NONSERIAL_FALSE='#'
ENABLE_NONSERIAL_TRUE=''
ETC_SUBDIRS='udev'
EXEEXT=''
FGREP='/bin/grep -F'
FOUNDATION_FRAMEWORK=''
GREP='/bin/grep'
INSTALL_DATA='${INSTALL} -m 644'
INSTALL_DLL_TARGET=''
INSTALL_PROGRAM='${INSTALL}'
INSTALL_SCRIPT='${INSTALL}'
INSTALL_STRIP_PROGRAM='$(install_sh) -c -s'
IOKIT_FRAMEWORK=''
IS_LINUX_FALSE='#'
IS_LINUX_TRUE=''
IS_OSX_FALSE=''
IS_OSX_TRUE='#'
IS_WINDOWS_FALSE=''
IS_WINDOWS_TRUE='#'
LD='/usr/bin/ld -m elf_x86_64'
LDFLAGS=''
LIBOBJS=''
LIBS=''
LIBTOOL='$(SHELL) $(top_builddir)/libtool'
LIPO=''
LN_S='ln -s'
LTLIBOBJS=''
LT_SYS_LIBRARY_PATH=''
MAINT='#'
MAINTAINER_MODE_FALSE=''
MAINTAINER_MODE_TRUE='#'
MAKEINFO='${SHELL} /tmp/debianbuild/SOURCES/pcsc-cyberjack-3.99.5final.SP10/missing makeinfo'
MAKE_DLL_TARGET=''
MANIFEST_TOOL=':'
MKDIR_P='/bin/mkdir -p'
NM='/usr/bin/nm -B'
NMEDIT=''
OBJC='gcc'
OBJCDEPMODE='depmode=none'
OBJCFLAGS=''
OBJDUMP='objdump'
OBJEXT='o'
OSYSTEM='linux'
OS_TYPE='posix'
OTOOL64=''
OTOOL=''
PACKAGE='ifd-cyberjack'
PACKAGE_BUGREPORT=''
PACKAGE_NAME=''
PACKAGE_STRING=''
PACKAGE_TARNAME=''
PACKAGE_URL=''
PACKAGE_VERSION=''
PATH_SEPARATOR=':'
PCSC_CFLAGS='-pthread -I/usr/include/PCSC'
PCSC_LIBS='-lpcsclite'
PKG_CONFIG='/usr/bin/pkg-config'
PKG_CONFIG_LIBDIR=''
PKG_CONFIG_PATH=''
RANLIB='ranlib'
RC=''
RPM_DIST_NAME=''
RPM_DIST_TAG=''
RPM_DIST_VER=''
RPM_PCSC_DROPDIR='%{_libdir}/readers'
SED='/bin/sed'
SET_MAKE=''
SHELL='/bin/sh'
STRIP='strip'
STRIPALL=''
SYSCONF_FRAMEWORK=''
THREAD_LIBS=''
UDEV_RULES_FILE='rules.new'
USE_HOTPLUG='0'
USE_PCSC_FALSE=''
USE_PCSC_TRUE='#'
USE_THREADS=''
USE_UDEV='0'
USE_XML2_FALSE=''
USE_XML2_TRUE='#'
VERSION='3.99.5final.SP10'
ac_ct_AR='ar'
ac_ct_CC='gcc'
ac_ct_CXX='g++'
ac_ct_DUMPBIN=''
ac_ct_OBJC='gcc'
am__EXEEXT_FALSE=''
am__EXEEXT_TRUE='#'
am__fastdepCC_FALSE=''
am__fastdepCC_TRUE='#'
am__fastdepCXX_FALSE=''
am__fastdepCXX_TRUE='#'
am__fastdepOBJC_FALSE=''
am__fastdepOBJC_TRUE='#'
am__include='include'
am__isrc=''
am__leading_dot='.'
am__nodep=''
am__quote=''
am__tar='$${TAR-tar} chof - "$$tardir"'
am__untar='$${TAR-tar} xf -'
bindir='${exec_prefix}/bin'
build='x86_64-pc-linux-gnu'
build_alias='x86_64-linux-gnu'
build_cpu='x86_64'
build_os='linux-gnu'
build_vendor='pc'
cyberjack_config_file='${sysconfdir}/cyberjack.conf'
cyberjack_headerdir='${includedir}'
cyberjack_headerdir_am='$(includedir)'
cyberjack_ifd_filename='libifd-cyberjack.so'
cyberjack_internal_libname='libctapi-cyberjack.la'
cyberjack_ldflags='-L${libdir}'
cyberjack_libs='-lcyberjack'
cyberjack_pkgincludedir=''
cyberjack_platform_def=''
cyberjack_plugindir=''
cyberjack_sys_is_windows='0'
datadir='${datarootdir}'
datarootdir='${prefix}/share'
dl_libs='-ldl '
docdir='${datarootdir}/doc/${PACKAGE}'
dvidir='${docdir}'
enable_nonserial='yes'
exec_prefix='${prefix}'
hal_CFLAGS=''
hal_LIBS=''
hal_includes=''
hal_libs=''
host='x86_64-pc-linux-gnu'
host_alias=''
host_cpu='x86_64'
host_os='linux-gnu'
host_vendor='pc'
htmldir='${docdir}'
includedir='${prefix}/include'
infodir='${prefix}/share/info'
install_sh='${SHELL} /tmp/debianbuild/SOURCES/pcsc-cyberjack-3.99.5final.SP10/install-sh'
libdir='${exec_prefix}/lib'
libexecdir='${prefix}/lib/pcsc-cyberjack'
libusb_CFLAGS='-I/usr/include/libusb-1.0'
libusb_LIBS='-lusb-1.0'
libusb_includes='-I/usr/include/libusb-1.0'
libusb_libs='-lusb-1.0'
libxml2_includes='-I/usr/include/libxml2'
libxml2_libs='-lxml2'
localedir='${datarootdir}/locale'
localstatedir='/var'
mandir='${prefix}/share/man'
mkdir_p='$(MKDIR_P)'
oldincludedir='/usr/include'
pcsc_includes='-pthread -I/usr/include/PCSC'
pcsc_lib='-lpcsclite'
pcsc_libraries='-lpcsclite'
pdfdir='${docdir}'
prefix='/usr'
program_transform_name='s,x,x,'
psdir='${docdir}'
runstatedir='${localstatedir}/run'
sbindir='${exec_prefix}/sbin'
sharedstatedir='${prefix}/com'
sysconfdir='/etc/cyberjack'
target='x86_64-pc-linux-gnu'
target_alias=''
target_cpu='x86_64'
target_os='linux-gnu'
target_vendor='pc'
usbdropdir='/usr/lib/pcsc/drivers'
visibility_cflags=''

## ----------- ##
## confdefs.h. ##
## ----------- ##

/* confdefs.h */
#define PACKAGE_NAME ""
#define PACKAGE_TARNAME ""
#define PACKAGE_VERSION ""
#define PACKAGE_STRING ""
#define PACKAGE_BUGREPORT ""
#define PACKAGE_URL ""
#define STDC_HEADERS 1
#define HAVE_SYS_TYPES_H 1
#define HAVE_SYS_STAT_H 1
#define HAVE_STDLIB_H 1
#define HAVE_STRING_H 1
#define HAVE_MEMORY_H 1
#define HAVE_STRINGS_H 1
#define HAVE_INTTYPES_H 1
#define HAVE_STDINT_H 1
#define HAVE_UNISTD_H 1
#define HAVE_DLFCN_H 1
#define LT_OBJDIR ".libs/"
#define CYBERJACK_VERSION_MAJOR 3
#define CYBERJACK_VERSION_MINOR 99
#define CYBERJACK_VERSION_PATCHLEVEL 5
#define CYBERJACK_VERSION_BUILD 0
#define CYBERJACK_VERSION_STRING "3.99.5"
#define CYBERJACK_VERSION_FULL_STRING "3.99.5-final.SP10-r0"
#define CYBERJACK_VERSION_TAG "final.SP10"
#define PACKAGE "ifd-cyberjack"
#define VERSION "3.99.5final.SP10"
#define OS_NAME "x86_64-pc-linux-gnu"
#define OS_LINUX 1
#define OS_POSIX 1
#define OS_SHORTNAME "linux"
#define OS_TYPE "posix"
#define WITH_DLLIB 1
#define HAS_DLOPEN 1
#define STDC_HEADERS 1
#define HAVE_PTHREAD_H 1
#define ENABLE_NONSERIAL 1
#define USE_USB1 1
#define HAVE_PCSC 1
#define HAVE_LIBXML2 1

configure: exit 0
